Databases Project 1 - Part 3 Log:
--------------------------------------------------------------------
<entry_user> rbd
<entry_date_time> 2019-11-17 2:23
<entry>

1. Website working.
2. Todo:
    a. Known Bugs:
        1. Need default values for form -> Crashes if we just hit submit
        2. Test all tickers
        3. Check for 0 value in price columns
        4. Check on different computers / browsers.
3. Features to be added:
        1. 5m/15m Smoothing - http://benalexkeen.com/resampling-time-series-data-with-pandas/
        2. List Box w/ Tickers
        3. Table based website for Options Data
        4. Generate Options data.


<end_entry>
--------------------------------------------------------------------
<entry_user> rbd
<entry_date_time> 2019-11-15 5:19
<entry>

Websites Used:

Project: http://www.cs.columbia.edu/~gravano/cs4111/Proj1-3/
Forms: https://www.w3schools.com/html/html_form_attributes.asp
Git Commits: https://github.com/ra2929/w4111-proj1/commits/master

<end_entry>
--------------------------------------------------------------------